<?xml version="1.0" encoding="UTF-8"?>
<testng-results skipped="0" failed="0" ignored="0" total="1" passed="1">
  <reporter-output>
  </reporter-output>
  <suite name="Default suite" duration-ms="14614" started-at="2019-09-04T12:27:21Z" finished-at="2019-09-04T12:27:35Z">
    <groups>
    </groups>
    <test name="Default test" duration-ms="14614" started-at="2019-09-04T12:27:21Z" finished-at="2019-09-04T12:27:35Z">
      <class name="demo.search">
        <test-method status="PASS" signature="setUp()[pri:0, instance:demo.search@7c16905e]" name="setUp" is-config="true" duration-ms="3552" started-at="2019-09-04T12:27:21Z" finished-at="2019-09-04T12:27:24Z">
          <reporter-output>
          </reporter-output>
        </test-method> <!-- setUp -->
        <test-method status="PASS" signature="testsearch()[pri:0, instance:demo.search@7c16905e]" name="testsearch" duration-ms="11038" started-at="2019-09-04T12:27:24Z" finished-at="2019-09-04T12:27:35Z">
          <reporter-output>
          </reporter-output>
        </test-method> <!-- testsearch -->
        <test-method status="PASS" signature="tearDown()[pri:0, instance:demo.search@7c16905e]" name="tearDown" is-config="true" duration-ms="0" started-at="2019-09-04T12:27:35Z" finished-at="2019-09-04T12:27:35Z">
          <reporter-output>
          </reporter-output>
        </test-method> <!-- tearDown -->
      </class> <!-- demo.search -->
    </test> <!-- Default test -->
  </suite> <!-- Default suite -->
</testng-results>
